2026-07-07 23:24:10.766 [main] WARN  org.hibernate.orm.connections.pooling - HHH10001002: Using built-in connection pool (not intended for production use)
2026-07-07 23:24:10.840 [main] WARN  org.hibernate.orm.deprecation - HHH90000025: H2Dialect does not need to be specified explicitly using 'hibernate.dialect' (remove the property setting and it will be selected by default)
2026-07-07 23:24:11.261 [main] INFO  userService.service.UserService - Сохранение Пользователя: Алексей...
2026-07-07 23:24:11.271 [main] INFO  userService.dao.impl.UserDaoImpl - Пользователь: Алексей, успешно сохранен в БД
2026-07-07 23:24:11.272 [main] INFO  userService.service.UserService - Поиск Пользователя с ID: 1...
2026-07-07 23:24:11.286 [main] INFO  userService.service.UserService - Сохранение Пользователя: Дмитрий...
2026-07-07 23:24:11.287 [main] INFO  userService.dao.impl.UserDaoImpl - Пользователь: Дмитрий, успешно сохранен в БД
2026-07-07 23:24:11.287 [main] INFO  userService.service.UserService - Удаление Пользователя с ID: 2...
2026-07-07 23:24:11.287 [main] INFO  userService.dao.impl.UserDaoImpl - Поиск Пользователя с ID: 2, перед удалением из БД
2026-07-07 23:24:11.291 [main] INFO  userService.dao.impl.UserDaoImpl - Пользователь с ID: 2, успешно удален из БД.
2026-07-07 23:24:11.291 [main] INFO  userService.service.UserService - Поиск Пользователя с ID: 2...
2026-07-07 23:24:11.293 [main] INFO  userService.service.UserService - Сохранение Пользователя: Иван...
2026-07-07 23:24:11.294 [main] INFO  userService.dao.impl.UserDaoImpl - Пользователь: Иван, успешно сохранен в БД
2026-07-07 23:24:11.295 [main] INFO  userService.service.UserService - Сохранение Пользователя: Анна...
2026-07-07 23:24:11.296 [main] INFO  userService.dao.impl.UserDaoImpl - Пользователь: Анна, успешно сохранен в БД
2026-07-07 23:24:11.296 [main] INFO  userService.service.UserService - Сохранение Пользователя: Петр...
2026-07-07 23:24:11.297 [main] INFO  userService.dao.impl.UserDaoImpl - Пользователь: Петр, успешно сохранен в БД
2026-07-07 23:24:11.297 [main] INFO  userService.service.UserService - Поиск всех Пользователей в БД...
2026-07-07 23:24:11.307 [main] INFO  userService.service.UserService - Поиск всех Пользователей в БД...
2026-07-07 23:24:11.309 [main] INFO  userService.service.UserService - Удаление Пользователя с ID: 999...
2026-07-07 23:24:11.309 [main] INFO  userService.dao.impl.UserDaoImpl - Поиск Пользователя с ID: 999, перед удалением из БД
2026-07-07 23:24:11.310 [main] WARN  userService.dao.impl.UserDaoImpl - Удаление невозможно, Пользователь с ID: 999, не найден!
2026-07-07 23:24:11.311 [main] INFO  userService.service.UserService - Сохранение Пользователя: Елена...
2026-07-07 23:24:11.312 [main] INFO  userService.dao.impl.UserDaoImpl - Пользователь: Елена, успешно сохранен в БД
2026-07-07 23:24:11.312 [main] INFO  userService.service.UserService - Обновление данных Пользователя с ID: 6...
2026-07-07 23:24:11.316 [main] INFO  userService.dao.impl.UserDaoImpl - Пользователь с ID: 6, успешно обновлен.
2026-07-07 23:24:11.316 [main] INFO  userService.service.UserService - Поиск Пользователя с ID: 6...
2026-07-07 23:24:11.318 [main] INFO  userService.service.UserService - Сохранение Пользователя: Мария...
2026-07-07 23:24:11.318 [main] INFO  userService.dao.impl.UserDaoImpl - Пользователь: Мария, успешно сохранен в БД
2026-07-07 23:24:11.318 [main] INFO  userService.service.UserService - Поиск Пользователя с ID: 7...
2026-07-07 23:24:11.320 [main] INFO  userService.service.UserService - Поиск Пользователя с ID: 999...
