2026-07-21 03:55:55.742 [main] INFO  u.controller.TestUserController - Starting TestUserController using Java 25.0.1 with PID 18881 (started by vanyachemakin in /Users/vanyachemakin/Desktop/progects/user-service/user-core)
2026-07-21 03:55:55.743 [main] INFO  u.controller.TestUserController - No active profile set, falling back to 1 default profile: "default"
2026-07-21 03:55:55.964 [main] INFO  o.s.d.r.c.RepositoryConfigurationDelegate - Bootstrapping Spring Data JPA repositories in DEFAULT mode.
2026-07-21 03:55:55.983 [main] INFO  o.s.d.r.c.RepositoryConfigurationDelegate - Finished Spring Data repository scanning in 16 ms. Found 1 JPA repository interface.
2026-07-21 03:55:56.192 [main] INFO  o.s.b.w.e.tomcat.TomcatWebServer - Tomcat initialized with port 0 (http)
2026-07-21 03:55:56.203 [main] INFO  o.a.coyote.http11.Http11NioProtocol - Initializing ProtocolHandler ["http-nio-auto-1"]
2026-07-21 03:55:56.203 [main] INFO  o.a.catalina.core.StandardService - Starting service [Tomcat]
2026-07-21 03:55:56.203 [main] INFO  o.a.catalina.core.StandardEngine - Starting Servlet engine: [Apache Tomcat/10.1.20]
2026-07-21 03:55:56.223 [main] INFO  o.a.c.c.C.[Tomcat].[localhost].[/] - Initializing Spring embedded WebApplicationContext
2026-07-21 03:55:56.223 [main] INFO  o.s.b.w.s.c.ServletWebServerApplicationContext - Root WebApplicationContext: initialization completed in 475 ms
2026-07-21 03:55:56.392 [main] INFO  o.s.o.j.p.SpringPersistenceUnitInfo - No LoadTimeWeaver setup: ignoring JPA class transformer
2026-07-21 03:55:56.404 [main] INFO  com.zaxxer.hikari.HikariDataSource - HikariPool-1 - Starting...
2026-07-21 03:55:56.490 [main] INFO  com.zaxxer.hikari.pool.HikariPool - HikariPool-1 - Added connection org.postgresql.jdbc.PgConnection@74cd8c55
2026-07-21 03:55:56.491 [main] INFO  com.zaxxer.hikari.HikariDataSource - HikariPool-1 - Start completed.
2026-07-21 03:55:56.842 [main] INFO  o.s.o.j.LocalContainerEntityManagerFactoryBean - Initialized JPA EntityManagerFactory for persistence unit 'default'
2026-07-21 03:55:57.132 [main] INFO  o.a.c.c.C.[Tomcat].[localhost].[/] - Initializing Spring TestDispatcherServlet ''
2026-07-21 03:55:57.132 [main] INFO  o.s.t.w.s.TestDispatcherServlet - Initializing Servlet ''
2026-07-21 03:55:57.132 [main] INFO  o.s.t.w.s.TestDispatcherServlet - Completed initialization in 0 ms
2026-07-21 03:55:57.146 [main] INFO  o.a.coyote.http11.Http11NioProtocol - Starting ProtocolHandler ["http-nio-auto-1"]
2026-07-21 03:55:57.151 [main] INFO  o.s.b.w.e.tomcat.TomcatWebServer - Tomcat started on port 49505 (http) with context path ''
2026-07-21 03:55:57.156 [main] INFO  u.controller.TestUserController - Started TestUserController in 1.574 seconds (process running for 5.741)
2026-07-21 03:55:57.481 [main] INFO  userService.service.UserService - Поиск Пользователя с ID: 1...
2026-07-21 03:55:57.570 [main] INFO  userService.service.UserService - Сохранение Пользователя: Петр...
2026-07-21 03:55:57.591 [main] INFO  userService.service.UserService - Поиск Пользователя с ID: 999...
2026-07-21 03:55:57.602 [main] INFO  userService.service.UserService - Удаление Пользователя с ID: 3...
2026-07-21 03:55:57.605 [main] INFO  userService.service.UserService - Отправка Kafka Event...
2026-07-21 03:55:57.618 [main] INFO  o.a.k.c.producer.ProducerConfig - ProducerConfig values: 
	acks = -1
	auto.include.jmx.reporter = true
	batch.size = 16384
	bootstrap.servers = [PLAINTEXT://localhost:49484]
	buffer.memory = 33554432
	client.dns.lookup = use_all_dns_ips
	client.id = producer-1
	compression.type = none
	connections.max.idle.ms = 540000
	delivery.timeout.ms = 120000
	enable.idempotence = true
	interceptor.classes = []
	key.serializer = class org.apache.kafka.common.serialization.StringSerializer
	linger.ms = 0
	max.block.ms = 60000
	max.in.flight.requests.per.connection = 5
	max.request.size = 1048576
	metadata.max.age.ms = 300000
	metadata.max.idle.ms = 300000
	metric.reporters = []
	metrics.num.samples = 2
	metrics.recording.level = INFO
	metrics.sample.window.ms = 30000
	partitioner.adaptive.partitioning.enable = true
	partitioner.availability.timeout.ms = 0
	partitioner.class = null
	partitioner.ignore.keys = false
	receive.buffer.bytes = 32768
	reconnect.backoff.max.ms = 1000
	reconnect.backoff.ms = 50
	request.timeout.ms = 30000
	retries = 2147483647
	retry.backoff.ms = 100
	sasl.client.callback.handler.class = null
	sasl.jaas.config = null
	sasl.kerberos.kinit.cmd = /usr/bin/kinit
	sasl.kerberos.min.time.before.relogin = 60000
	sasl.kerberos.service.name = null
	sasl.kerberos.ticket.renew.jitter = 0.05
	sasl.kerberos.ticket.renew.window.factor = 0.8
	sasl.login.callback.handler.class = null
	sasl.login.class = null
	sasl.login.connect.timeout.ms = null
	sasl.login.read.timeout.ms = null
	sasl.login.refresh.buffer.seconds = 300
	sasl.login.refresh.min.period.seconds = 60
	sasl.login.refresh.window.factor = 0.8
	sasl.login.refresh.window.jitter = 0.05
	sasl.login.retry.backoff.max.ms = 10000
	sasl.login.retry.backoff.ms = 100
	sasl.mechanism = GSSAPI
	sasl.oauthbearer.clock.skew.seconds = 30
	sasl.oauthbearer.expected.audience = null
	sasl.oauthbearer.expected.issuer = null
	sasl.oauthbearer.jwks.endpoint.refresh.ms = 3600000
	sasl.oauthbearer.jwks.endpoint.retry.backoff.max.ms = 10000
	sasl.oauthbearer.jwks.endpoint.retry.backoff.ms = 100
	sasl.oauthbearer.jwks.endpoint.url = null
	sasl.oauthbearer.scope.claim.name = scope
	sasl.oauthbearer.sub.claim.name = sub
	sasl.oauthbearer.token.endpoint.url = null
	security.protocol = PLAINTEXT
	security.providers = null
	send.buffer.bytes = 131072
	socket.connection.setup.timeout.max.ms = 30000
	socket.connection.setup.timeout.ms = 10000
	ssl.cipher.suites = null
	ssl.enabled.protocols = [TLSv1.2, TLSv1.3]
	ssl.endpoint.identification.algorithm = https
	ssl.engine.factory.class = null
	ssl.key.password = null
	ssl.keymanager.algorithm = SunX509
	ssl.keystore.certificate.chain = null
	ssl.keystore.key = null
	ssl.keystore.location = null
	ssl.keystore.password = null
	ssl.keystore.type = JKS
	ssl.protocol = TLSv1.3
	ssl.provider = null
	ssl.secure.random.implementation = null
	ssl.trustmanager.algorithm = PKIX
	ssl.truststore.certificates = null
	ssl.truststore.location = null
	ssl.truststore.password = null
	ssl.truststore.type = JKS
	transaction.timeout.ms = 60000
	transactional.id = null
	value.serializer = class org.springframework.kafka.support.serializer.JsonSerializer

2026-07-21 03:55:57.668 [main] INFO  o.a.k.clients.producer.KafkaProducer - [Producer clientId=producer-1] Instantiated an idempotent producer.
2026-07-21 03:55:57.684 [main] INFO  o.a.kafka.common.utils.AppInfoParser - Kafka version: 3.6.2
2026-07-21 03:55:57.684 [main] INFO  o.a.kafka.common.utils.AppInfoParser - Kafka commitId: c4deed513057c94e
2026-07-21 03:55:57.685 [main] INFO  o.a.kafka.common.utils.AppInfoParser - Kafka startTimeMs: 1784595357684
2026-07-21 03:55:57.839 [kafka-producer-network-thread | producer-1] INFO  org.apache.kafka.clients.Metadata - [Producer clientId=producer-1] Cluster ID: 8Kgg9gzCTECnbjtyr_73yQ
2026-07-21 03:55:57.860 [kafka-producer-network-thread | producer-1] INFO  o.a.k.c.p.i.TransactionManager - [Producer clientId=producer-1] ProducerId set to 0 with epoch 0
2026-07-21 03:55:57.943 [main] INFO  userService.service.UserService - Kafka Event успешно отправлен. Отправлено письмо на почту: delete@example.com, об удалении.
2026-07-21 03:55:57.943 [main] INFO  userService.service.UserService - Пользователь с ID: 3, успешно удален.
2026-07-21 03:55:57.990 [main] INFO  userService.service.UserService - Обновление данных Пользователя с ID: 4...
2026-07-21 03:55:57.992 [main] INFO  userService.service.UserService - Пользователь с ID: 4, успешно обновлен.
2026-07-21 03:55:58.007 [main] INFO  userService.service.UserService - Поиск всех Пользователей в БД...
2026-07-21 03:55:58.021 [main] INFO  userService.service.UserService - Сохранение Пользователя: Алексей...
2026-07-21 03:55:58.024 [main] INFO  userService.service.UserService - Отправка Kafka Event...
2026-07-21 03:55:58.024 [main] INFO  userService.service.UserService - Kafka Event успешно отправлен. Отправлено письмо на почту: alex@example.com, о регистрации.
2026-07-21 03:55:58.024 [main] INFO  userService.service.UserService - Пользователь: Алексей, успешно сохранен в БД
2026-07-21 03:55:58.243 [kafka-producer-network-thread | producer-1] INFO  o.apache.kafka.clients.NetworkClient - [Producer clientId=producer-1] Node 1 disconnected.
2026-07-21 03:55:58.245 [kafka-producer-network-thread | producer-1] INFO  o.apache.kafka.clients.NetworkClient - [Producer clientId=producer-1] Node -1 disconnected.
2026-07-21 03:55:58.345 [kafka-producer-network-thread | producer-1] INFO  o.apache.kafka.clients.NetworkClient - [Producer clientId=producer-1] Node 1 disconnected.
2026-07-21 03:55:58.345 [kafka-producer-network-thread | producer-1] INFO  o.apache.kafka.clients.NetworkClient - [Producer clientId=producer-1] Cancelled in-flight API_VERSIONS request with correlation id 7 due to node 1 being disconnected (elapsed time since creation: 1ms, elapsed time since send: 1ms, request timeout: 30000ms)
2026-07-21 03:55:58.447 [kafka-producer-network-thread | producer-1] INFO  o.apache.kafka.clients.NetworkClient - [Producer clientId=producer-1] Node 1 disconnected.
2026-07-21 03:55:58.462 [SpringApplicationShutdownHook] INFO  o.a.coyote.http11.Http11NioProtocol - Stopping ProtocolHandler ["http-nio-auto-1-49505"]
2026-07-21 03:55:58.483 [SpringApplicationShutdownHook] INFO  o.a.k.clients.producer.KafkaProducer - [Producer clientId=producer-1] Closing the Kafka producer with timeoutMillis = 30000 ms.
2026-07-21 03:55:58.486 [SpringApplicationShutdownHook] INFO  o.a.kafka.common.metrics.Metrics - Metrics scheduler closed
2026-07-21 03:55:58.487 [SpringApplicationShutdownHook] INFO  o.a.kafka.common.metrics.Metrics - Closing reporter org.apache.kafka.common.metrics.JmxReporter
2026-07-21 03:55:58.487 [SpringApplicationShutdownHook] INFO  o.a.kafka.common.metrics.Metrics - Metrics reporters closed
2026-07-21 03:55:58.487 [SpringApplicationShutdownHook] INFO  o.a.kafka.common.utils.AppInfoParser - App info kafka.producer for producer-1 unregistered
2026-07-21 03:55:58.491 [SpringApplicationShutdownHook] INFO  o.s.o.j.LocalContainerEntityManagerFactoryBean - Closing JPA EntityManagerFactory for persistence unit 'default'
2026-07-21 03:55:58.493 [SpringApplicationShutdownHook] INFO  com.zaxxer.hikari.HikariDataSource - HikariPool-1 - Shutdown initiated...
2026-07-21 03:55:58.499 [SpringApplicationShutdownHook] INFO  com.zaxxer.hikari.HikariDataSource - HikariPool-1 - Shutdown completed.
